<?xml version="1.0" encoding="UTF-8"?>
<!-- Generated by org.testng.reporters.JUnitXMLReporter -->
<testsuite ignored="2" hostname="AVRLAP35" failures="0" tests="1" name="Default test" time="13.789" errors="0" timestamp="2022-10-07T11:02:19 IST">
  <testcase classname="testcases.SimplilearnLoginTest" name="Test1" time="7.391"/>
  <testcase classname="testcases.SimplilearnLoginTest" name="Test3" time="0.0">
    <ignored/>
  </testcase> <!-- Test3 -->
  <testcase classname="testcases.SimplilearnLoginTest" name="Test2" time="0.0">
    <ignored/>
  </testcase> <!-- Test2 -->
</testsuite> <!-- Default test -->
