<?xml version="1.0" encoding="UTF-8"?>
<!-- Generated by org.testng.reporters.JUnitXMLReporter -->
<testsuite ignored="0" hostname="AVRLAP35" failures="0" tests="3" name="Test" time="35.174" errors="0" timestamp="2022-10-07T11:00:21 IST">
  <testcase classname="testcases.SimplilearnLoginTest" name="Test1" time="8.899"/>
  <testcase classname="testcases.SimplilearnLoginTest" name="Test2" time="7.977"/>
  <testcase classname="testcases.SimplilearnLoginTest" name="Test3" time="8.178"/>
</testsuite> <!-- Test -->
