<?xml version="1.0" encoding="UTF-8"?>
<!-- Generated by org.testng.reporters.JUnitXMLReporter -->
<testsuite ignored="0" hostname="AVRLAP35" failures="0" tests="3" name="Test" time="42.333" errors="0" timestamp="2022-10-10T09:21:23 IST">
  <testcase classname="testcases.SimplilearnLoginTest" name="Test1" time="8.61"/>
  <testcase classname="testcases.SimplilearnLoginTest" name="Test2" time="9.056"/>
  <testcase classname="testcases.SimplilearnLoginTest" name="Test3" time="8.834"/>
</testsuite> <!-- Test -->
