<?xml version="1.0" encoding="UTF-8"?>
<testng-results ignored="2" total="3" passed="1" failed="0" skipped="0">
  <reporter-output>
  </reporter-output>
  <suite started-at="2022-10-07T11:02:06 IST" name="Default suite" finished-at="2022-10-07T11:02:19 IST" duration-ms="13789">
    <groups>
    </groups>
    <test started-at="2022-10-07T11:02:06 IST" name="Default test" finished-at="2022-10-07T11:02:19 IST" duration-ms="13789">
      <class name="testcases.SimplilearnLoginTest">
        <test-method is-config="true" signature="DataSetUp()[pri:0, instance:testcases.SimplilearnLoginTest@942a29c]" started-at="2022-10-07T11:02:06 IST" name="DataSetUp" finished-at="2022-10-07T11:02:06 IST" duration-ms="578" status="PASS">
          <reporter-output>
          </reporter-output>
        </test-method> <!-- DataSetUp -->
        <test-method is-config="true" signature="SetUp(java.lang.reflect.Method)[pri:0, instance:testcases.SimplilearnLoginTest@942a29c]" started-at="2022-10-07T11:02:06 IST" name="SetUp" finished-at="2022-10-07T11:02:09 IST" duration-ms="2956" status="PASS">
          <params>
            <param index="0">
              <value>
                <![CDATA[public void testcases.SimplilearnLoginTest.Test1()]]>
              </value>
            </param>
          </params>
          <reporter-output>
          </reporter-output>
        </test-method> <!-- SetUp -->
        <test-method signature="Test1()[pri:0, instance:testcases.SimplilearnLoginTest@942a29c]" started-at="2022-10-07T11:02:09 IST" name="Test1" finished-at="2022-10-07T11:02:16 IST" duration-ms="7391" status="PASS">
          <reporter-output>
          </reporter-output>
        </test-method> <!-- Test1 -->
        <test-method is-config="true" signature="TearDown()[pri:0, instance:testcases.SimplilearnLoginTest@942a29c]" started-at="2022-10-07T11:02:16 IST" name="TearDown" finished-at="2022-10-07T11:02:19 IST" duration-ms="2773" status="PASS">
          <reporter-output>
          </reporter-output>
        </test-method> <!-- TearDown -->
        <test-method is-config="true" signature="DataClean()[pri:0, instance:testcases.SimplilearnLoginTest@942a29c]" started-at="2022-10-07T11:02:19 IST" name="DataClean" finished-at="2022-10-07T11:02:19 IST" duration-ms="63" status="PASS">
          <reporter-output>
          </reporter-output>
        </test-method> <!-- DataClean -->
      </class> <!-- testcases.SimplilearnLoginTest -->
    </test> <!-- Default test -->
  </suite> <!-- Default suite -->
</testng-results>
